2015/07/23 11:48:39 にビルドを開始しました。
     1>ノード 2 上のプロジェクト "C:\Users\AT11H245\Desktop\ケーススタディ作業場\frame_work\frame_work.vcxproj" (Build ターゲット)。
     1>ClCompile:
         C:\Program Files (x86)\Microsoft Visual Studio 12.0\VC\bin\CL.exe /c /ZI /nologo /W3 /WX- /Od /Oy- /D WIN32 /D _DEBUG /D _WINDOWS /D _MBCS /Gm /EHsc /RTC1 /MTd /GS /fp:precise /Zc:wchar_t /Zc:forScope /Fo"Debug\\" /Fd"Debug\vc120.pdb" /Gd /TP /analyze- /errorReport:prompt sources\MAIN\main.cpp
         main.cpp
       Link:
         C:\Program Files (x86)\Microsoft Visual Studio 12.0\VC\bin\link.exe /ERRORREPORT:PROMPT /OUT:"C:\Users\AT11H245\Desktop\ケーススタディ作業場\frame_work\\frame_work_debug.exe" /INCREMENTAL /NOLOGO kernel32.lib user32.lib gdi32.lib winspool.lib comdlg32.lib advapi32.lib shell32.lib ole32.lib oleaut32.lib uuid.lib odbc32.lib odbccp32.lib /MANIFEST /MANIFESTUAC:"level='asInvoker' uiAccess='false'" /manifest:embed /DEBUG /PDB:"C:\Users\AT11H245\Desktop\ケーススタディ作業場\frame_work\\frame_work_debug.pdb" /SUBSYSTEM:WINDOWS /TLBID:1 /DYNAMICBASE /NXCOMPAT /IMPLIB:"C:\Users\AT11H245\Desktop\ケーススタディ作業場\frame_work\\frame_work_debug.lib" /MACHINE:X86 Debug\CBackGroundManager.obj
         Debug\CController.obj
         Debug\CControllerManager.obj
         Debug\CDebugProc.obj
         Debug\CFade.obj
         Debug\CInput.obj
         Debug\CInputGamePad.obj
         Debug\CInputKeyboard.obj
         Debug\CJudge.obj
         Debug\CJudgeManager.obj
         Debug\main.obj
         Debug\CManager.obj
         Debug\math.obj
         Debug\matrix.obj
         Debug\vector.obj
         Debug\CPhase.obj
         Debug\CRenderer.obj
         Debug\CCharaSelect.obj
         Debug\CScene.obj
         Debug\CScene2D.obj
         Debug\CSceneAnime.obj
         Debug\CSceneCircle.obj
         Debug\CSceneNumber.obj
         Debug\CSceneScore.obj
         Debug\CSceneTime.obj
         Debug\CAnimation.obj
         Debug\CAttackBase.obj
         Debug\CAttackManager.obj
         Debug\CAttackNormal.obj
         Debug\CAttackSpecialAttack.obj
         Debug\CAttackSpecialSpeed.obj
         Debug\CAttackSpecialTrap.obj
         Debug\CGame.obj
         Debug\CNowLoading.obj
         Debug\CTimeManager.obj
         Debug\CEffectAttackHit.obj
         Debug\CEffectBase.obj
         Debug\CEffectCaughtTrap.obj
         Debug\CEffectCreateRoad.obj
         Debug\CEffectDead.obj
         Debug\CEffectExplosion.obj
         Debug\CEffectFlagGet.obj
         Debug\CEffectFlagHold.obj
         Debug\CEffectManager.obj
         Debug\CEffectMetamorphose.obj
         Debug\CEffectMPAttack.obj
         Debug\CEffectNormalAttackCap.obj
         Debug\CEffectNormalAttackThread.obj
         Debug\CEffectPlayerRevive.obj
         Debug\CEffectSpecialAttack.obj
         Debug\CEffectSpecialAttackThread.obj
         Debug\CEffectSpecialSpeedAttack.obj
         Debug\CEffectTrapFoundation.obj
         Debug\CField.obj
         Debug\CFieldManager.obj
         Debug\CNaviTile.obj
         Debug\CGoal.obj
         Debug\CGoalManager.obj
         Debug\C_CPU_AI.obj
         Debug\mersenne_twister.obj
         Debug\CPlayer.obj
         Debug\CPlayerManager.obj
         Debug\CThreadBase.obj
         Debug\CThreadManager.obj
         Debug\CThreadNormal.obj
         Debug\CThreadSpecialAttack.obj
         Debug\CThreadSpecialSpeed.obj
         Debug\CThreadSpecialTrap.obj
         Debug\CTreasure.obj
         Debug\CTreasureManager.obj
         Debug\CCountDown.obj
         Debug\CMp.obj
         Debug\CWinDraw.obj
         Debug\COption.obj
         Debug\CPause.obj
         Debug\CResult.obj
         Debug\CStageSelect.obj
         Debug\CTitle.obj
         Debug\CTutorial.obj
         Debug\CCursol.obj
         Debug\CNumber.obj
         Debug\CSound.obj
         Debug\CTexture.obj
         frame_work.vcxproj -> C:\Users\AT11H245\Desktop\ケーススタディ作業場\frame_work\\frame_work_debug.exe
     1>プロジェクト "C:\Users\AT11H245\Desktop\ケーススタディ作業場\frame_work\frame_work.vcxproj" (Build ターゲット) のビルドが完了しました。

ビルドに成功しました。

経過時間 00:00:01.88
