c:\users\at11h245\desktop\未来創造展\kami_puro\kami_puro\release\vc120.pdb
c:\users\at11h245\desktop\未来創造展\kami_puro\kami_puro\release\clightmanager.obj
c:\users\at11h245\desktop\未来創造展\kami_puro\kami_puro\release\cinputgamepad.obj
c:\users\at11h245\desktop\未来創造展\kami_puro\kami_puro\release\cinput.obj
c:\users\at11h245\desktop\未来創造展\kami_puro\kami_puro\release\cfade.obj
c:\users\at11h245\desktop\未来創造展\kami_puro\kami_puro\release\ceffectmanager.obj
c:\users\at11h245\desktop\未来創造展\kami_puro\kami_puro\release\ceffect.obj
c:\users\at11h245\desktop\未来創造展\kami_puro\kami_puro\release\cdebugproc.obj
c:\users\at11h245\desktop\未来創造展\kami_puro\kami_puro\release\ccontrollermanager.obj
c:\users\at11h245\desktop\未来創造展\kami_puro\kami_puro\release\ccontroller.obj
c:\users\at11h245\desktop\未来創造展\kami_puro\kami_puro\release\cameramanager.obj
c:\users\at11h245\desktop\未来創造展\kami_puro\kami_puro\release\cscenex.obj
c:\users\at11h245\desktop\未来創造展\kami_puro\kami_puro\release\cscenemeshsky.obj
c:\users\at11h245\desktop\未来創造展\kami_puro\kami_puro\release\cscenemeshfield.obj
c:\users\at11h245\desktop\未来創造展\kami_puro\kami_puro\release\cscenebillboard.obj
c:\users\at11h245\desktop\未来創造展\kami_puro\kami_puro\release\cscene3d.obj
c:\users\at11h245\desktop\未来創造展\kami_puro\kami_puro\release\cscene2d.obj
c:\users\at11h245\desktop\未来創造展\kami_puro\kami_puro\release\cscene.obj
c:\users\at11h245\desktop\未来創造展\kami_puro\kami_puro\release\cjudgemanager.obj
c:\users\at11h245\desktop\未来創造展\kami_puro\kami_puro\release\cjudge.obj
c:\users\at11h245\desktop\未来創造展\kami_puro\kami_puro\release\crope.obj
c:\users\at11h245\desktop\未来創造展\kami_puro\kami_puro\release\ccrowdmanager.obj
c:\users\at11h245\desktop\未来創造展\kami_puro\kami_puro\release\ccrowd.obj
c:\users\at11h245\desktop\未来創造展\kami_puro\kami_puro\release\cfieldmanager.obj
c:\users\at11h245\desktop\未来創造展\kami_puro\kami_puro\release\ccommandname.obj
c:\users\at11h245\desktop\未来創造展\kami_puro\kami_puro\release\ccommandchartui.obj
c:\users\at11h245\desktop\未来創造展\kami_puro\kami_puro\release\ccommandchartmanager.obj
c:\users\at11h245\desktop\未来創造展\kami_puro\kami_puro\release\ccommandchart.obj
c:\users\at11h245\desktop\未来創造展\kami_puro\kami_puro\release\cgame.obj
c:\users\at11h245\desktop\未来創造展\kami_puro\kami_puro\release\crenderer.obj
c:\users\at11h245\desktop\未来創造展\kami_puro\kami_puro\release\cphase.obj
c:\users\at11h245\desktop\未来創造展\kami_puro\kami_puro\release\mersenne_twister.obj
c:\users\at11h245\desktop\未来創造展\kami_puro\kami_puro\release\cmanager.obj
c:\users\at11h245\desktop\未来創造展\kami_puro\kami_puro\release\main.obj
c:\users\at11h245\desktop\未来創造展\kami_puro\kami_puro\release\cnowloading.obj
c:\users\at11h245\desktop\未来創造展\kami_puro\kami_puro\release\cskinmeshholder.obj
c:\users\at11h245\desktop\未来創造展\kami_puro\kami_puro\release\cskinmesh.obj
c:\users\at11h245\desktop\未来創造展\kami_puro\kami_puro\release\cinheritancehierarchy.obj
c:\users\at11h245\desktop\未来創造展\kami_puro\kami_puro\release\cshader.obj
c:\users\at11h245\desktop\未来創造展\kami_puro\kami_puro\release\ctextureanimator.obj
c:\users\at11h245\desktop\未来創造展\kami_puro\kami_puro\release\math_animation.obj
c:\users\at11h245\desktop\未来創造展\kami_puro\kami_puro\release\ctitle.obj
c:\users\at11h245\desktop\未来創造展\kami_puro\kami_puro\release\cresult.obj
c:\users\at11h245\desktop\未来創造展\kami_puro\kami_puro\release\cuimanager.obj
c:\users\at11h245\desktop\未来創造展\kami_puro\kami_puro\release\cropetimer.obj
c:\users\at11h245\desktop\未来創造展\kami_puro\kami_puro\release\coverlay.obj
c:\users\at11h245\desktop\未来創造展\kami_puro\kami_puro\release\ccutin2d.obj
c:\users\at11h245\desktop\未来創造展\kami_puro\kami_puro\release\ccutin.obj
c:\users\at11h245\desktop\未来創造展\kami_puro\kami_puro\release\cbattlefade2d.obj
c:\users\at11h245\desktop\未来創造展\kami_puro\kami_puro\release\cbattlefade.obj
c:\users\at11h245\desktop\未来創造展\kami_puro\kami_puro\release\cplayermanager.obj
c:\users\at11h245\desktop\未来創造展\kami_puro\kami_puro\release\cdirectstunner.obj
c:\users\at11h245\desktop\未来創造展\kami_puro\kami_puro\release\cdirectslap.obj
c:\users\at11h245\desktop\未来創造展\kami_puro\kami_puro\release\cdirectshoulder.obj
c:\users\at11h245\desktop\未来創造展\kami_puro\kami_puro\release\cdirectrope.obj
c:\users\at11h245\desktop\未来創造展\kami_puro\kami_puro\release\cdirectrolling.obj
c:\users\at11h245\desktop\未来創造展\kami_puro\kami_puro\release\cdirectbattleresult.obj
c:\users\at11h245\desktop\未来創造展\kami_puro\kami_puro\release\cdirectlariat.obj
c:\users\at11h245\desktop\未来創造展\kami_puro\kami_puro\release\cdirectelbow.obj
c:\users\at11h245\desktop\未来創造展\kami_puro\kami_puro\release\cdirectdropkick.obj
c:\users\at11h245\desktop\未来創造展\kami_puro\kami_puro\release\cdirectchop.obj
c:\users\at11h245\desktop\未来創造展\kami_puro\kami_puro\release\cdirectbattleintro.obj
c:\users\at11h245\desktop\未来創造展\kami_puro\kami_puro\release\cdirectbackdrop.obj
c:\users\at11h245\desktop\未来創造展\kami_puro\kami_puro\release\cdirect.obj
c:\users\at11h245\desktop\未来創造展\kami_puro\kami_puro\release\cskill.obj
c:\users\at11h245\desktop\未来創造展\kami_puro\kami_puro\release\cdirectormanager.obj
c:\users\at11h245\desktop\未来創造展\kami_puro\kami_puro\release\cdirector.obj
c:\users\at11h245\desktop\未来創造展\kami_puro\kami_puro\release\cdirectlist.obj
c:\users\at11h245\desktop\未来創造展\kami_puro\kami_puro\release\canimationreader.obj
c:\users\at11h245\desktop\未来創造展\kami_puro\kami_puro\release\chpbar.obj
c:\users\at11h245\desktop\未来創造展\kami_puro\kami_puro\release\ccrowdbar.obj
c:\users\at11h245\desktop\未来創造展\kami_puro\kami_puro\release\cplayer.obj
c:\users\at11h245\desktop\未来創造展\kami_puro\kami_puro\release\cropemanager.obj
c:\users\at11h245\desktop\未来創造展\kami_puro\kami_puro\release\cmodel.obj
c:\users\at11h245\desktop\未来創造展\kami_puro\kami_puro\release\math.obj
c:\users\at11h245\desktop\未来創造展\kami_puro\kami_puro\release\cinputkeyboard.obj
c:\users\at11h245\desktop\未来創造展\kami_puro\kami_puro\release\ceffectholder.obj
c:\users\at11h245\desktop\未来創造展\kami_puro\kami_puro\release\ccamera.obj
c:\users\at11h245\desktop\未来創造展\kami_puro\kami_puro\release\ctexture.obj
c:\users\at11h245\desktop\未来創造展\kami_puro\kami_puro\release\cdirectfinisher.obj
c:\users\at11h245\desktop\未来創造展\kami_puro\kami_puro\release\csound.obj
c:\users\at11h245\desktop\未来創造展\kami_puro\kami_puro\release\ccounttime.obj
c:\users\at11h245\desktop\未来創造展\kami_puro\kami_puro\release\kami_puro.tlog\cl.command.1.tlog
c:\users\at11h245\desktop\未来創造展\kami_puro\kami_puro\release\kami_puro.tlog\cl.read.1.tlog
c:\users\at11h245\desktop\未来創造展\kami_puro\kami_puro\release\kami_puro.tlog\cl.write.1.tlog
c:\users\at11h245\desktop\未来創造展\kami_puro\kami_puro\release\kami_puro.tlog\link.command.1.tlog
c:\users\at11h245\desktop\未来創造展\kami_puro\kami_puro\release\kami_puro.tlog\link.read.1.tlog
c:\users\at11h245\desktop\未来創造展\kami_puro\kami_puro\release\kami_puro.tlog\link.write.1.tlog
