c:\users\ths25012\documents\gitproject\nojirimisoten\kami_puro\kami_puro\debug\vc120.pdb
c:\users\ths25012\documents\gitproject\nojirimisoten\kami_puro\kami_puro\debug\vc120.idb
c:\users\ths25012\documents\gitproject\nojirimisoten\kami_puro\kami_puro\debug\cnowloading.obj
c:\users\ths25012\documents\gitproject\nojirimisoten\kami_puro\kami_puro\debug\main.obj
c:\users\ths25012\documents\gitproject\nojirimisoten\kami_puro\kami_puro\debug\cmanager.obj
c:\users\ths25012\documents\gitproject\nojirimisoten\kami_puro\kami_puro\debug\math.obj
c:\users\ths25012\documents\gitproject\nojirimisoten\kami_puro\kami_puro\debug\mersenne_twister.obj
c:\users\ths25012\documents\gitproject\nojirimisoten\kami_puro\kami_puro\debug\cmodel.obj
c:\users\ths25012\documents\gitproject\nojirimisoten\kami_puro\kami_puro\debug\cphase.obj
c:\users\ths25012\documents\gitproject\nojirimisoten\kami_puro\kami_puro\debug\crenderer.obj
c:\users\ths25012\documents\gitproject\nojirimisoten\kami_puro\kami_puro\debug\cgame.obj
c:\users\ths25012\documents\gitproject\nojirimisoten\kami_puro\kami_puro\debug\cjudge.obj
c:\users\ths25012\documents\gitproject\nojirimisoten\kami_puro\kami_puro\debug\cjudgemanager.obj
c:\users\ths25012\documents\gitproject\nojirimisoten\kami_puro\kami_puro\debug\cplayer.obj
c:\users\ths25012\documents\gitproject\nojirimisoten\kami_puro\kami_puro\debug\cplayermanager.obj
c:\users\ths25012\documents\gitproject\nojirimisoten\kami_puro\kami_puro\debug\cresult.obj
c:\users\ths25012\documents\gitproject\nojirimisoten\kami_puro\kami_puro\debug\ctitle.obj
c:\users\ths25012\documents\gitproject\nojirimisoten\kami_puro\kami_puro\debug\cshader.obj
c:\users\ths25012\documents\gitproject\nojirimisoten\kami_puro\kami_puro\debug\cinheritancehierarchy.obj
c:\users\ths25012\documents\gitproject\nojirimisoten\kami_puro\kami_puro\debug\cskinmesh.obj
c:\users\ths25012\documents\gitproject\nojirimisoten\kami_puro\kami_puro\debug\csound.obj
c:\users\ths25012\documents\gitproject\nojirimisoten\kami_puro\kami_puro\debug\ctexture.obj
c:\users\ths25012\documents\gitproject\nojirimisoten\kami_puro\kami_puro\debug\cscene.obj
c:\users\ths25012\documents\gitproject\nojirimisoten\kami_puro\kami_puro\debug\cscene2d.obj
c:\users\ths25012\documents\gitproject\nojirimisoten\kami_puro\kami_puro\debug\cscene3d.obj
c:\users\ths25012\documents\gitproject\nojirimisoten\kami_puro\kami_puro\debug\cscenebillboard.obj
c:\users\ths25012\documents\gitproject\nojirimisoten\kami_puro\kami_puro\debug\cscenemeshfield.obj
c:\users\ths25012\documents\gitproject\nojirimisoten\kami_puro\kami_puro\debug\cscenemeshsky.obj
c:\users\ths25012\documents\gitproject\nojirimisoten\kami_puro\kami_puro\debug\cscenex.obj
c:\users\ths25012\documents\gitproject\nojirimisoten\kami_puro\kami_puro\debug\cameramanager.obj
c:\users\ths25012\documents\gitproject\nojirimisoten\kami_puro\kami_puro\debug\ccamera.obj
c:\users\ths25012\documents\gitproject\nojirimisoten\kami_puro\kami_puro\debug\cdebugproc.obj
c:\users\ths25012\documents\gitproject\nojirimisoten\kami_puro\kami_puro\debug\ceffect.obj
c:\users\ths25012\documents\gitproject\nojirimisoten\kami_puro\kami_puro\debug\ceffectmanager.obj
c:\users\ths25012\documents\gitproject\nojirimisoten\kami_puro\kami_puro\debug\cfade.obj
c:\users\ths25012\documents\gitproject\nojirimisoten\kami_puro\kami_puro\debug\cinput.obj
c:\users\ths25012\documents\gitproject\nojirimisoten\kami_puro\kami_puro\debug\cinputgamepad.obj
c:\users\ths25012\documents\gitproject\nojirimisoten\kami_puro\kami_puro\debug\cinputkeyboard.obj
c:\users\ths25012\documents\gitproject\nojirimisoten\kami_puro\kami_puro\debug\clightmanager.obj
c:\users\ths25012\documents\gitproject\nojirimisoten\kami_puro\debug\kami_puro.ilk
c:\users\ths25012\documents\gitproject\nojirimisoten\kami_puro\debug\kami_puro.exe
c:\users\ths25012\documents\gitproject\nojirimisoten\kami_puro\debug\kami_puro.pdb
c:\users\ths25012\documents\gitproject\nojirimisoten\kami_puro\kami_puro\debug\kami_puro.tlog\cl.command.1.tlog
c:\users\ths25012\documents\gitproject\nojirimisoten\kami_puro\kami_puro\debug\kami_puro.tlog\cl.read.1.tlog
c:\users\ths25012\documents\gitproject\nojirimisoten\kami_puro\kami_puro\debug\kami_puro.tlog\cl.write.1.tlog
c:\users\ths25012\documents\gitproject\nojirimisoten\kami_puro\kami_puro\debug\kami_puro.tlog\link.command.1.tlog
c:\users\ths25012\documents\gitproject\nojirimisoten\kami_puro\kami_puro\debug\kami_puro.tlog\link.read.1.tlog
c:\users\ths25012\documents\gitproject\nojirimisoten\kami_puro\kami_puro\debug\kami_puro.tlog\link.write.1.tlog
