2015/12/04 0:04:48 にビルドを開始しました。
     1>ノード 2 上のプロジェクト "C:\Users\AT11H245\Desktop\未来創造展\kami_puro\kami_puro\kami_puro.vcxproj" (Build ターゲット)。
     1>ClCompile:
         C:\Program Files (x86)\Microsoft Visual Studio 12.0\VC\bin\CL.exe /c /I..\Sources\EFECT\Effekseer\include /ZI /nologo /W3 /WX- /sdl /Od /Oy- /D WIN32 /D _DEBUG /D _WINDOWS /D _MBCS /Gm /EHsc /RTC1 /MTd /GS /fp:precise /Zc:wchar_t /Zc:forScope /Fo"Debug\\" /Fd"Debug\vc120.pdb" /Gd /TP /analyze- /errorReport:prompt ..\Sources\BASE_OBJECT\CScene3D.cpp ..\Sources\BASE_OBJECT\CSceneMeshField.cpp ..\Sources\BASE_OBJECT\CSceneMeshSky.cpp ..\Sources\BASE_OBJECT\CSceneX.cpp ..\Sources\CAMERA\CCamera.cpp ..\Sources\INPUT\CInputKeyboard.cpp ..\Sources\LIGHT\CLightManager.cpp ..\Sources\MAIN\main.cpp ..\Sources\MANAGER\CManager.cpp ..\Sources\PHASE\CPhase.cpp ..\Sources\RENDERER\CRenderer.cpp ..\Sources\SCENE\GAME\CGame.cpp ..\Sources\SCENE\GAME\COMMANDCHART\CCommandChart.cpp ..\Sources\SCENE\GAME\FIELD\CFieldManager.cpp ..\Sources\SCENE\GAME\FIELD\CROWD\CCrowd.cpp ..\Sources\SCENE\GAME\FIELD\CROWD\CCrowdManager.cpp ..\Sources\SCENE\GAME\FIELD\ROPE\CRope.cpp ..\Sources\SCENE\GAME\JUDGE\CJudge.cpp ..\Sources\SCENE\GAME\PLAYER\CPlayer.cpp ..\Sources\SCENE\GAME\PLAYER\CPlayerManager.cpp ..\Sources\SCENE\GAME\UI\CCountTime.cpp ..\Sources\SCENE\GAME\UI\CRopeTimer.cpp ..\Sources\SCENE\GAME\UI\CUiManager.cpp ..\Sources\SCENE\RESULT\CResult.cpp ..\Sources\SCENE\TITLE\CTitle.cpp ..\Sources\STAGE_DIRECTOR\CDirectList.cpp ..\Sources\STAGE_DIRECTOR\CDirector.cpp ..\Sources\STAGE_DIRECTOR\CSkill.cpp ..\Sources\STAGE_DIRECTOR\Direct\CDirect.cpp ..\Sources\STAGE_DIRECTOR\Direct\CDirectBackdrop.cpp ..\Sources\STAGE_DIRECTOR\Direct\CDirectChop.cpp ..\Sources\STAGE_DIRECTOR\Direct\CDirectDropkick.cpp ..\Sources\STAGE_DIRECTOR\Direct\CDirectElbow.cpp ..\Sources\STAGE_DIRECTOR\Direct\CDirectLariat.cpp ..\Sources\STAGE_DIRECTOR\Direct\CDirectRolling.cpp ..\Sources\STAGE_DIRECTOR\Direct\CDirectShoulder.cpp ..\Sources\STAGE_DIRECTOR\Direct\CDirectSlap.cpp ..\Sources\STAGE_DIRECTOR\Direct\CDirectStunner.cpp
         CUiManager.cpp
         CRopeTimer.cpp
         CInputKeyboard.cpp
         コードを生成中...
         コンパイル中...
         CDirectStunner.cpp
         CDirectSlap.cpp
         CDirectShoulder.cpp
         CDirectRolling.cpp
         CDirectLariat.cpp
         CDirectElbow.cpp
         CDirectDropkick.cpp
         CDirectChop.cpp
         CDirectBackdrop.cpp
         CDirect.cpp
         CSkill.cpp
         CDirector.cpp
         CDirectList.cpp
         CTitle.cpp
         CResult.cpp
         CCountTime.cpp
         CPlayerManager.cpp
         CPlayer.cpp
         CJudge.cpp
         CRope.cpp
         コードを生成中...
         コンパイル中...
         CCrowdManager.cpp
         CCrowd.cpp
         CFieldManager.cpp
         CCommandChart.cpp
         CGame.cpp
         CRenderer.cpp
         CPhase.cpp
         CManager.cpp
         main.cpp
         CLightManager.cpp
         CCamera.cpp
         CSceneX.cpp
         CSceneMeshSky.cpp
         CSceneMeshField.cpp
         CScene3D.cpp
         コードを生成中...
       Link:
         C:\Program Files (x86)\Microsoft Visual Studio 12.0\VC\bin\link.exe /ERRORREPORT:PROMPT /OUT:"C:\Users\AT11H245\Desktop\未来創造展\kami_puro\Debug\kami_puro.exe" /INCREMENTAL /NOLOGO /LIBPATH:..\Sources\EFECT\Effekseer\lib kernel32.lib user32.lib gdi32.lib winspool.lib comdlg32.lib advapi32.lib shell32.lib ole32.lib oleaut32.lib uuid.lib odbc32.lib odbccp32.lib /MANIFEST /MANIFESTUAC:"level='asInvoker' uiAccess='false'" /manifest:embed /DEBUG /PDB:"C:\Users\AT11H245\Desktop\未来創造展\kami_puro\Debug\kami_puro.pdb" /SUBSYSTEM:WINDOWS /TLBID:1 /DYNAMICBASE /NXCOMPAT /IMPLIB:"C:\Users\AT11H245\Desktop\未来創造展\kami_puro\Debug\kami_puro.lib" /MACHINE:X86 Debug\CScene.obj
         Debug\CScene2D.obj
         Debug\CScene3D.obj
         Debug\CSceneBillBoard.obj
         Debug\CSceneMeshField.obj
         Debug\CSceneMeshSky.obj
         Debug\CSceneX.obj
         Debug\CameraManager.obj
         Debug\CCamera.obj
         Debug\CController.obj
         Debug\CControllerManager.obj
         Debug\CDebugProc.obj
         Debug\CEffect.obj
         Debug\CEffectHolder.obj
         Debug\CEffectManager.obj
         Debug\CFade.obj
         Debug\CInput.obj
         Debug\CInputGamePad.obj
         Debug\CInputKeyboard.obj
         Debug\CLightManager.obj
         Debug\CNowLoading.obj
         Debug\main.obj
         Debug\CManager.obj
         Debug\math.obj
         Debug\mersenne_twister.obj
         Debug\CModel.obj
         Debug\CPhase.obj
         Debug\CRenderer.obj
         Debug\CGame.obj
         Debug\CCommandChart.obj
         Debug\CCommandChartManager.obj
         Debug\CCommandChartUI.obj
         Debug\CCommandName.obj
         Debug\CFieldManager.obj
         Debug\CCrowd.obj
         Debug\CCrowdManager.obj
         Debug\CRope.obj
         Debug\CRopeManager.obj
         Debug\CJudge.obj
         Debug\CJudgeManager.obj
         Debug\CPlayer.obj
         Debug\CPlayerManager.obj
         Debug\CBattleFade.obj
         Debug\CBattleFade2D.obj
         Debug\CCountTime.obj
         Debug\CCrowdBar.obj
         Debug\CCutIn.obj
         Debug\CCutIn2D.obj
         Debug\CFace.obj
         Debug\CHpBar.obj
         Debug\COverLay.obj
         Debug\CRopeTimer.obj
         Debug\CStaminaBar.obj
         Debug\CUiManager.obj
         Debug\CResult.obj
         Debug\CTitle.obj
         Debug\CShader.obj
         Debug\CInheritanceHierarchy.obj
         Debug\CSkinMesh.obj
         Debug\CSound.obj
         Debug\CAnimationReader.obj
         Debug\CDirectList.obj
         Debug\CDirector.obj
         Debug\CDirectorManager.obj
         Debug\CSkill.obj
         Debug\CDirect.obj
         Debug\CDirectBackdrop.obj
         Debug\CDirectChop.obj
         Debug\CDirectDropkick.obj
         Debug\CDirectElbow.obj
         Debug\CDirectLariat.obj
         Debug\CDirectRolling.obj
         Debug\CDirectShoulder.obj
         Debug\CDirectSlap.obj
         Debug\CDirectStunner.obj
         Debug\CTexture.obj
         kami_puro.vcxproj -> C:\Users\AT11H245\Desktop\未来創造展\kami_puro\Debug\kami_puro.exe
     1>プロジェクト "C:\Users\AT11H245\Desktop\未来創造展\kami_puro\kami_puro\kami_puro.vcxproj" (Build ターゲット) のビルドが完了しました。

ビルドに成功しました。

経過時間 00:00:43.37
